<?xml version="1.0" encoding="UTF-8"?>
<testng-results skipped="0" failed="0" total="2" passed="2">
  <reporter-output>
  </reporter-output>
  <suite name="Suite" duration-ms="41" started-at="2020-08-29T18:25:52Z" finished-at="2020-08-29T18:25:52Z">
    <groups>
    </groups>
    <test name="Test" duration-ms="41" started-at="2020-08-29T18:25:52Z" finished-at="2020-08-29T18:25:52Z">
      <class name="sampletests.Test2">
        <test-method status="PASS" signature="print()[pri:0, instance:sampletests.Test2@4387b79e]" name="print" duration-ms="2" started-at="2020-08-29T23:55:52Z" finished-at="2020-08-29T23:55:52Z">
          <reporter-output>
          </reporter-output>
        </test-method> <!-- print -->
      </class> <!-- sampletests.Test2 -->
      <class name="sampletests.Test3">
        <test-method status="PASS" signature="print()[pri:0, instance:sampletests.Test3@197d671]" name="print" duration-ms="17" started-at="2020-08-29T23:55:52Z" finished-at="2020-08-29T23:55:52Z">
          <reporter-output>
          </reporter-output>
        </test-method> <!-- print -->
      </class> <!-- sampletests.Test3 -->
    </test> <!-- Test -->
  </suite> <!-- Suite -->
</testng-results>
